Performing C SOURCE FILE Test CMAKE_HAVE_LIBC_PTHREAD failed with the following output:
Change Dir: /mnt/c/Users/manso/Desktop/Personnel/Projets/matrixcpp/CMakeFiles/CMakeTmp

Run Build Command(s):/usr/bin/make cmTC_96355/fast && make[1]: Entering directory '/mnt/c/Users/manso/Desktop/Personnel/Projets/matrixcpp/CMakeFiles/CMakeTmp'
make[1]: Warning: File 'Makefile' has modification time 2.6 s in the future
/usr/bin/make -f CMakeFiles/cmTC_96355.dir/build.make CMakeFiles/cmTC_96355.dir/build
make[2]: Entering directory '/mnt/c/Users/manso/Desktop/Personnel/Projets/matrixcpp/CMakeFiles/CMakeTmp'
make[2]: Warning: File 'CMakeFiles/cmTC_96355.dir/flags.make' has modification time 2.6 s in the future
Building C object CMakeFiles/cmTC_96355.dir/src.c.o
/usr/bin/cc   -DCMAKE_HAVE_LIBC_PTHREAD   -o CMakeFiles/cmTC_96355.dir/src.c.o   -c /mnt/c/Users/manso/Desktop/Personnel/Projets/matrixcpp/CMakeFiles/CMakeTmp/src.c
Linking C executable cmTC_96355
/usr/bin/cmake -E cmake_link_script CMakeFiles/cmTC_96355.dir/link.txt --verbose=1
/usr/bin/cc  -DCMAKE_HAVE_LIBC_PTHREAD    -rdynamic CMakeFiles/cmTC_96355.dir/src.c.o  -o cmTC_96355 
/usr/bin/ld: CMakeFiles/cmTC_96355.dir/src.c.o: in function `main':
src.c:(.text+0x46): undefined reference to `pthread_create'
/usr/bin/ld: src.c:(.text+0x52): undefined reference to `pthread_detach'
/usr/bin/ld: src.c:(.text+0x63): undefined reference to `pthread_join'
collect2: error: ld returned 1 exit status
make[2]: *** [CMakeFiles/cmTC_96355.dir/build.make:87: cmTC_96355] Error 1
make[2]: Leaving directory '/mnt/c/Users/manso/Desktop/Personnel/Projets/matrixcpp/CMakeFiles/CMakeTmp'
make[1]: *** [Makefile:121: cmTC_96355/fast] Error 2
make[1]: Leaving directory '/mnt/c/Users/manso/Desktop/Personnel/Projets/matrixcpp/CMakeFiles/CMakeTmp'


Source file was:
#include <pthread.h>

void* test_func(void* data)
{
  return data;
}

int main(void)
{
  pthread_t thread;
  pthread_create(&thread, NULL, test_func, NULL);
  pthread_detach(thread);
  pthread_join(thread, NULL);
  pthread_atfork(NULL, NULL, NULL);
  pthread_exit(NULL);

  return 0;
}

Determining if the function pthread_create exists in the pthreads failed with the following output:
Change Dir: /mnt/c/Users/manso/Desktop/Personnel/Projets/matrixcpp/CMakeFiles/CMakeTmp

Run Build Command(s):/usr/bin/make cmTC_6b689/fast && make[1]: Entering directory '/mnt/c/Users/manso/Desktop/Personnel/Projets/matrixcpp/CMakeFiles/CMakeTmp'
make[1]: Warning: File 'Makefile' has modification time 2.6 s in the future
/usr/bin/make -f CMakeFiles/cmTC_6b689.dir/build.make CMakeFiles/cmTC_6b689.dir/build
make[2]: Entering directory '/mnt/c/Users/manso/Desktop/Personnel/Projets/matrixcpp/CMakeFiles/CMakeTmp'
make[2]: Warning: File 'CMakeFiles/cmTC_6b689.dir/flags.make' has modification time 2.6 s in the future
Building C object CMakeFiles/cmTC_6b689.dir/CheckFunctionExists.c.o
/usr/bin/cc   -DCHECK_FUNCTION_EXISTS=pthread_create   -o CMakeFiles/cmTC_6b689.dir/CheckFunctionExists.c.o   -c /usr/share/cmake-3.16/Modules/CheckFunctionExists.c
Linking C executable cmTC_6b689
/usr/bin/cmake -E cmake_link_script CMakeFiles/cmTC_6b689.dir/link.txt --verbose=1
/usr/bin/cc  -DCHECK_FUNCTION_EXISTS=pthread_create    -rdynamic CMakeFiles/cmTC_6b689.dir/CheckFunctionExists.c.o  -o cmTC_6b689  -lpthreads 
/usr/bin/ld: cannot find -lpthreads
collect2: error: ld returned 1 exit status
make[2]: *** [CMakeFiles/cmTC_6b689.dir/build.make:87: cmTC_6b689] Error 1
make[2]: Leaving directory '/mnt/c/Users/manso/Desktop/Personnel/Projets/matrixcpp/CMakeFiles/CMakeTmp'
make[1]: *** [Makefile:121: cmTC_6b689/fast] Error 2
make[1]: Leaving directory '/mnt/c/Users/manso/Desktop/Personnel/Projets/matrixcpp/CMakeFiles/CMakeTmp'



Performing C SOURCE FILE Test CMAKE_HAVE_LIBC_PTHREAD failed with the following output:
Change Dir: /mnt/c/Users/YanisMANSOUR/Desktop/Personal/Projects/CPP/matrixcpp/CMakeFiles/CMakeTmp

Run Build Command(s):/usr/bin/make cmTC_5f965/fast && /usr/bin/make -f CMakeFiles/cmTC_5f965.dir/build.make CMakeFiles/cmTC_5f965.dir/build
make[1]: Entering directory '/mnt/c/Users/YanisMANSOUR/Desktop/Personal/Projects/CPP/matrixcpp/CMakeFiles/CMakeTmp'
Building C object CMakeFiles/cmTC_5f965.dir/src.c.o
/usr/bin/cc   -DCMAKE_HAVE_LIBC_PTHREAD   -o CMakeFiles/cmTC_5f965.dir/src.c.o   -c /mnt/c/Users/YanisMANSOUR/Desktop/Personal/Projects/CPP/matrixcpp/CMakeFiles/CMakeTmp/src.c
Linking C executable cmTC_5f965
/usr/bin/cmake -E cmake_link_script CMakeFiles/cmTC_5f965.dir/link.txt --verbose=1
/usr/bin/cc  -DCMAKE_HAVE_LIBC_PTHREAD    -rdynamic CMakeFiles/cmTC_5f965.dir/src.c.o  -o cmTC_5f965 
/usr/bin/ld: CMakeFiles/cmTC_5f965.dir/src.c.o: in function `main':
src.c:(.text+0x46): undefined reference to `pthread_create'
/usr/bin/ld: src.c:(.text+0x52): undefined reference to `pthread_detach'
/usr/bin/ld: src.c:(.text+0x63): undefined reference to `pthread_join'
collect2: error: ld returned 1 exit status
make[1]: *** [CMakeFiles/cmTC_5f965.dir/build.make:87: cmTC_5f965] Error 1
make[1]: Leaving directory '/mnt/c/Users/YanisMANSOUR/Desktop/Personal/Projects/CPP/matrixcpp/CMakeFiles/CMakeTmp'
make: *** [Makefile:121: cmTC_5f965/fast] Error 2


Source file was:
#include <pthread.h>

void* test_func(void* data)
{
  return data;
}

int main(void)
{
  pthread_t thread;
  pthread_create(&thread, NULL, test_func, NULL);
  pthread_detach(thread);
  pthread_join(thread, NULL);
  pthread_atfork(NULL, NULL, NULL);
  pthread_exit(NULL);

  return 0;
}

Determining if the function pthread_create exists in the pthreads failed with the following output:
Change Dir: /mnt/c/Users/YanisMANSOUR/Desktop/Personal/Projects/CPP/matrixcpp/CMakeFiles/CMakeTmp

Run Build Command(s):/usr/bin/make cmTC_1c7ee/fast && /usr/bin/make -f CMakeFiles/cmTC_1c7ee.dir/build.make CMakeFiles/cmTC_1c7ee.dir/build
make[1]: Entering directory '/mnt/c/Users/YanisMANSOUR/Desktop/Personal/Projects/CPP/matrixcpp/CMakeFiles/CMakeTmp'
Building C object CMakeFiles/cmTC_1c7ee.dir/CheckFunctionExists.c.o
/usr/bin/cc   -DCHECK_FUNCTION_EXISTS=pthread_create   -o CMakeFiles/cmTC_1c7ee.dir/CheckFunctionExists.c.o   -c /usr/share/cmake-3.16/Modules/CheckFunctionExists.c
Linking C executable cmTC_1c7ee
/usr/bin/cmake -E cmake_link_script CMakeFiles/cmTC_1c7ee.dir/link.txt --verbose=1
/usr/bin/cc  -DCHECK_FUNCTION_EXISTS=pthread_create    -rdynamic CMakeFiles/cmTC_1c7ee.dir/CheckFunctionExists.c.o  -o cmTC_1c7ee  -lpthreads 
/usr/bin/ld: cannot find -lpthreads
collect2: error: ld returned 1 exit status
make[1]: *** [CMakeFiles/cmTC_1c7ee.dir/build.make:87: cmTC_1c7ee] Error 1
make[1]: Leaving directory '/mnt/c/Users/YanisMANSOUR/Desktop/Personal/Projects/CPP/matrixcpp/CMakeFiles/CMakeTmp'
make: *** [Makefile:121: cmTC_1c7ee/fast] Error 2



Performing C SOURCE FILE Test CMAKE_HAVE_LIBC_PTHREAD failed with the following output:
Change Dir: /mnt/c/Users/manso/Desktop/Personnel/Projets/matrixcpp/CMakeFiles/CMakeTmp

Run Build Command(s):/usr/bin/make cmTC_056a5/fast && /usr/bin/make -f CMakeFiles/cmTC_056a5.dir/build.make CMakeFiles/cmTC_056a5.dir/build
make[1]: Entering directory '/mnt/c/Users/manso/Desktop/Personnel/Projets/matrixcpp/CMakeFiles/CMakeTmp'
Building C object CMakeFiles/cmTC_056a5.dir/src.c.o
/usr/bin/cc   -DCMAKE_HAVE_LIBC_PTHREAD   -o CMakeFiles/cmTC_056a5.dir/src.c.o   -c /mnt/c/Users/manso/Desktop/Personnel/Projets/matrixcpp/CMakeFiles/CMakeTmp/src.c
Linking C executable cmTC_056a5
/usr/bin/cmake -E cmake_link_script CMakeFiles/cmTC_056a5.dir/link.txt --verbose=1
/usr/bin/cc  -DCMAKE_HAVE_LIBC_PTHREAD    -rdynamic CMakeFiles/cmTC_056a5.dir/src.c.o  -o cmTC_056a5 
/usr/bin/ld: CMakeFiles/cmTC_056a5.dir/src.c.o: in function `main':
src.c:(.text+0x46): undefined reference to `pthread_create'
/usr/bin/ld: src.c:(.text+0x52): undefined reference to `pthread_detach'
/usr/bin/ld: src.c:(.text+0x63): undefined reference to `pthread_join'
collect2: error: ld returned 1 exit status
make[1]: *** [CMakeFiles/cmTC_056a5.dir/build.make:87: cmTC_056a5] Error 1
make[1]: Leaving directory '/mnt/c/Users/manso/Desktop/Personnel/Projets/matrixcpp/CMakeFiles/CMakeTmp'
make: *** [Makefile:121: cmTC_056a5/fast] Error 2


Source file was:
#include <pthread.h>

void* test_func(void* data)
{
  return data;
}

int main(void)
{
  pthread_t thread;
  pthread_create(&thread, NULL, test_func, NULL);
  pthread_detach(thread);
  pthread_join(thread, NULL);
  pthread_atfork(NULL, NULL, NULL);
  pthread_exit(NULL);

  return 0;
}

Determining if the function pthread_create exists in the pthreads failed with the following output:
Change Dir: /mnt/c/Users/manso/Desktop/Personnel/Projets/matrixcpp/CMakeFiles/CMakeTmp

Run Build Command(s):/usr/bin/make cmTC_d90a3/fast && /usr/bin/make -f CMakeFiles/cmTC_d90a3.dir/build.make CMakeFiles/cmTC_d90a3.dir/build
make[1]: Entering directory '/mnt/c/Users/manso/Desktop/Personnel/Projets/matrixcpp/CMakeFiles/CMakeTmp'
Building C object CMakeFiles/cmTC_d90a3.dir/CheckFunctionExists.c.o
/usr/bin/cc   -DCHECK_FUNCTION_EXISTS=pthread_create   -o CMakeFiles/cmTC_d90a3.dir/CheckFunctionExists.c.o   -c /usr/share/cmake-3.16/Modules/CheckFunctionExists.c
Linking C executable cmTC_d90a3
/usr/bin/cmake -E cmake_link_script CMakeFiles/cmTC_d90a3.dir/link.txt --verbose=1
/usr/bin/cc  -DCHECK_FUNCTION_EXISTS=pthread_create    -rdynamic CMakeFiles/cmTC_d90a3.dir/CheckFunctionExists.c.o  -o cmTC_d90a3  -lpthreads 
/usr/bin/ld: cannot find -lpthreads
collect2: error: ld returned 1 exit status
make[1]: *** [CMakeFiles/cmTC_d90a3.dir/build.make:87: cmTC_d90a3] Error 1
make[1]: Leaving directory '/mnt/c/Users/manso/Desktop/Personnel/Projets/matrixcpp/CMakeFiles/CMakeTmp'
make: *** [Makefile:121: cmTC_d90a3/fast] Error 2



Performing C SOURCE FILE Test CMAKE_HAVE_LIBC_PTHREAD failed with the following output:
Change Dir: /mnt/c/Users/YanisMANSOUR/Desktop/Personal/Projects/CPP/matrixcpp/CMakeFiles/CMakeTmp

Run Build Command(s):/usr/bin/make cmTC_83a48/fast && /usr/bin/make -f CMakeFiles/cmTC_83a48.dir/build.make CMakeFiles/cmTC_83a48.dir/build
make[1]: Entering directory '/mnt/c/Users/YanisMANSOUR/Desktop/Personal/Projects/CPP/matrixcpp/CMakeFiles/CMakeTmp'
Building C object CMakeFiles/cmTC_83a48.dir/src.c.o
/usr/bin/cc   -DCMAKE_HAVE_LIBC_PTHREAD   -o CMakeFiles/cmTC_83a48.dir/src.c.o   -c /mnt/c/Users/YanisMANSOUR/Desktop/Personal/Projects/CPP/matrixcpp/CMakeFiles/CMakeTmp/src.c
Linking C executable cmTC_83a48
/usr/bin/cmake -E cmake_link_script CMakeFiles/cmTC_83a48.dir/link.txt --verbose=1
/usr/bin/cc  -DCMAKE_HAVE_LIBC_PTHREAD    -rdynamic CMakeFiles/cmTC_83a48.dir/src.c.o  -o cmTC_83a48 
/usr/bin/ld: CMakeFiles/cmTC_83a48.dir/src.c.o: in function `main':
src.c:(.text+0x46): undefined reference to `pthread_create'
/usr/bin/ld: src.c:(.text+0x52): undefined reference to `pthread_detach'
/usr/bin/ld: src.c:(.text+0x63): undefined reference to `pthread_join'
collect2: error: ld returned 1 exit status
make[1]: *** [CMakeFiles/cmTC_83a48.dir/build.make:87: cmTC_83a48] Error 1
make[1]: Leaving directory '/mnt/c/Users/YanisMANSOUR/Desktop/Personal/Projects/CPP/matrixcpp/CMakeFiles/CMakeTmp'
make: *** [Makefile:121: cmTC_83a48/fast] Error 2


Source file was:
#include <pthread.h>

void* test_func(void* data)
{
  return data;
}

int main(void)
{
  pthread_t thread;
  pthread_create(&thread, NULL, test_func, NULL);
  pthread_detach(thread);
  pthread_join(thread, NULL);
  pthread_atfork(NULL, NULL, NULL);
  pthread_exit(NULL);

  return 0;
}

Determining if the function pthread_create exists in the pthreads failed with the following output:
Change Dir: /mnt/c/Users/YanisMANSOUR/Desktop/Personal/Projects/CPP/matrixcpp/CMakeFiles/CMakeTmp

Run Build Command(s):/usr/bin/make cmTC_9a90f/fast && /usr/bin/make -f CMakeFiles/cmTC_9a90f.dir/build.make CMakeFiles/cmTC_9a90f.dir/build
make[1]: Entering directory '/mnt/c/Users/YanisMANSOUR/Desktop/Personal/Projects/CPP/matrixcpp/CMakeFiles/CMakeTmp'
Building C object CMakeFiles/cmTC_9a90f.dir/CheckFunctionExists.c.o
/usr/bin/cc   -DCHECK_FUNCTION_EXISTS=pthread_create   -o CMakeFiles/cmTC_9a90f.dir/CheckFunctionExists.c.o   -c /usr/share/cmake-3.16/Modules/CheckFunctionExists.c
Linking C executable cmTC_9a90f
/usr/bin/cmake -E cmake_link_script CMakeFiles/cmTC_9a90f.dir/link.txt --verbose=1
/usr/bin/cc  -DCHECK_FUNCTION_EXISTS=pthread_create    -rdynamic CMakeFiles/cmTC_9a90f.dir/CheckFunctionExists.c.o  -o cmTC_9a90f  -lpthreads 
/usr/bin/ld: cannot find -lpthreads
collect2: error: ld returned 1 exit status
make[1]: *** [CMakeFiles/cmTC_9a90f.dir/build.make:87: cmTC_9a90f] Error 1
make[1]: Leaving directory '/mnt/c/Users/YanisMANSOUR/Desktop/Personal/Projects/CPP/matrixcpp/CMakeFiles/CMakeTmp'
make: *** [Makefile:121: cmTC_9a90f/fast] Error 2



Performing C SOURCE FILE Test CMAKE_HAVE_LIBC_PTHREAD failed with the following output:
Change Dir: /mnt/c/Users/manso/Desktop/Personnel/Projets/matrixcpp/CMakeFiles/CMakeTmp

Run Build Command(s):/usr/bin/make cmTC_f67a4/fast && make: Warning: File 'Makefile' has modification time 0.17 s in the future
/usr/bin/make -f CMakeFiles/cmTC_f67a4.dir/build.make CMakeFiles/cmTC_f67a4.dir/build
make[1]: Entering directory '/mnt/c/Users/manso/Desktop/Personnel/Projets/matrixcpp/CMakeFiles/CMakeTmp'
make[1]: Warning: File 'CMakeFiles/cmTC_f67a4.dir/flags.make' has modification time 0.15 s in the future
Building C object CMakeFiles/cmTC_f67a4.dir/src.c.o
/usr/bin/cc   -DCMAKE_HAVE_LIBC_PTHREAD   -o CMakeFiles/cmTC_f67a4.dir/src.c.o   -c /mnt/c/Users/manso/Desktop/Personnel/Projets/matrixcpp/CMakeFiles/CMakeTmp/src.c
Linking C executable cmTC_f67a4
/usr/bin/cmake -E cmake_link_script CMakeFiles/cmTC_f67a4.dir/link.txt --verbose=1
/usr/bin/cc  -DCMAKE_HAVE_LIBC_PTHREAD    -rdynamic CMakeFiles/cmTC_f67a4.dir/src.c.o  -o cmTC_f67a4 
/usr/bin/ld: CMakeFiles/cmTC_f67a4.dir/src.c.o: in function `main':
src.c:(.text+0x46): undefined reference to `pthread_create'
/usr/bin/ld: src.c:(.text+0x52): undefined reference to `pthread_detach'
/usr/bin/ld: src.c:(.text+0x63): undefined reference to `pthread_join'
collect2: error: ld returned 1 exit status
make[1]: *** [CMakeFiles/cmTC_f67a4.dir/build.make:87: cmTC_f67a4] Error 1
make[1]: Leaving directory '/mnt/c/Users/manso/Desktop/Personnel/Projets/matrixcpp/CMakeFiles/CMakeTmp'
make: *** [Makefile:121: cmTC_f67a4/fast] Error 2


Source file was:
#include <pthread.h>

void* test_func(void* data)
{
  return data;
}

int main(void)
{
  pthread_t thread;
  pthread_create(&thread, NULL, test_func, NULL);
  pthread_detach(thread);
  pthread_join(thread, NULL);
  pthread_atfork(NULL, NULL, NULL);
  pthread_exit(NULL);

  return 0;
}

Determining if the function pthread_create exists in the pthreads failed with the following output:
Change Dir: /mnt/c/Users/manso/Desktop/Personnel/Projets/matrixcpp/CMakeFiles/CMakeTmp

Run Build Command(s):/usr/bin/make cmTC_d2f7d/fast && make: Warning: File 'Makefile' has modification time 0.17 s in the future
/usr/bin/make -f CMakeFiles/cmTC_d2f7d.dir/build.make CMakeFiles/cmTC_d2f7d.dir/build
make[1]: Entering directory '/mnt/c/Users/manso/Desktop/Personnel/Projets/matrixcpp/CMakeFiles/CMakeTmp'
make[1]: Warning: File 'CMakeFiles/cmTC_d2f7d.dir/flags.make' has modification time 0.14 s in the future
Building C object CMakeFiles/cmTC_d2f7d.dir/CheckFunctionExists.c.o
/usr/bin/cc   -DCHECK_FUNCTION_EXISTS=pthread_create   -o CMakeFiles/cmTC_d2f7d.dir/CheckFunctionExists.c.o   -c /usr/share/cmake-3.16/Modules/CheckFunctionExists.c
Linking C executable cmTC_d2f7d
/usr/bin/cmake -E cmake_link_script CMakeFiles/cmTC_d2f7d.dir/link.txt --verbose=1
/usr/bin/cc  -DCHECK_FUNCTION_EXISTS=pthread_create    -rdynamic CMakeFiles/cmTC_d2f7d.dir/CheckFunctionExists.c.o  -o cmTC_d2f7d  -lpthreads 
/usr/bin/ld: cannot find -lpthreads
collect2: error: ld returned 1 exit status
make[1]: *** [CMakeFiles/cmTC_d2f7d.dir/build.make:87: cmTC_d2f7d] Error 1
make[1]: Leaving directory '/mnt/c/Users/manso/Desktop/Personnel/Projets/matrixcpp/CMakeFiles/CMakeTmp'
make: *** [Makefile:121: cmTC_d2f7d/fast] Error 2



Performing C SOURCE FILE Test CMAKE_HAVE_LIBC_PTHREAD failed with the following output:
Change Dir: /home/yanis/Bureau/Projets/thread-vs-fork-in-cpp---Matrices/CMakeFiles/CMakeTmp

Run Build Command(s):/usr/bin/make cmTC_3b759/fast && /usr/bin/make  -f CMakeFiles/cmTC_3b759.dir/build.make CMakeFiles/cmTC_3b759.dir/build
make[1]: Entering directory '/home/yanis/Bureau/Projets/thread-vs-fork-in-cpp---Matrices/CMakeFiles/CMakeTmp'
Building C object CMakeFiles/cmTC_3b759.dir/src.c.o
/usr/bin/cc -DCMAKE_HAVE_LIBC_PTHREAD   -o CMakeFiles/cmTC_3b759.dir/src.c.o -c /home/yanis/Bureau/Projets/thread-vs-fork-in-cpp---Matrices/CMakeFiles/CMakeTmp/src.c
Linking C executable cmTC_3b759
/snap/cmake/805/bin/cmake -E cmake_link_script CMakeFiles/cmTC_3b759.dir/link.txt --verbose=1
/usr/bin/cc -rdynamic CMakeFiles/cmTC_3b759.dir/src.c.o -o cmTC_3b759 
/usr/bin/ld: CMakeFiles/cmTC_3b759.dir/src.c.o: in function `main':
src.c:(.text+0x46): undefined reference to `pthread_create'
/usr/bin/ld: src.c:(.text+0x52): undefined reference to `pthread_detach'
/usr/bin/ld: src.c:(.text+0x5e): undefined reference to `pthread_cancel'
/usr/bin/ld: src.c:(.text+0x6f): undefined reference to `pthread_join'
collect2: error: ld returned 1 exit status
make[1]: *** [CMakeFiles/cmTC_3b759.dir/build.make:106: cmTC_3b759] Error 1
make[1]: Leaving directory '/home/yanis/Bureau/Projets/thread-vs-fork-in-cpp---Matrices/CMakeFiles/CMakeTmp'
make: *** [Makefile:140: cmTC_3b759/fast] Error 2


Source file was:
#include <pthread.h>

static void* test_func(void* data)
{
  return data;
}

int main(void)
{
  pthread_t thread;
  pthread_create(&thread, NULL, test_func, NULL);
  pthread_detach(thread);
  pthread_cancel(thread);
  pthread_join(thread, NULL);
  pthread_atfork(NULL, NULL, NULL);
  pthread_exit(NULL);

  return 0;
}

Determining if the function pthread_create exists in the pthreads failed with the following output:
Change Dir: /home/yanis/Bureau/Projets/thread-vs-fork-in-cpp---Matrices/CMakeFiles/CMakeTmp

Run Build Command(s):/usr/bin/make cmTC_34433/fast && /usr/bin/make  -f CMakeFiles/cmTC_34433.dir/build.make CMakeFiles/cmTC_34433.dir/build
make[1]: Entering directory '/home/yanis/Bureau/Projets/thread-vs-fork-in-cpp---Matrices/CMakeFiles/CMakeTmp'
Building C object CMakeFiles/cmTC_34433.dir/CheckFunctionExists.c.o
/usr/bin/cc   -DCHECK_FUNCTION_EXISTS=pthread_create -o CMakeFiles/cmTC_34433.dir/CheckFunctionExists.c.o -c /snap/cmake/805/share/cmake-3.19/Modules/CheckFunctionExists.c
Linking C executable cmTC_34433
/snap/cmake/805/bin/cmake -E cmake_link_script CMakeFiles/cmTC_34433.dir/link.txt --verbose=1
/usr/bin/cc  -DCHECK_FUNCTION_EXISTS=pthread_create -rdynamic CMakeFiles/cmTC_34433.dir/CheckFunctionExists.c.o -o cmTC_34433  -lpthreads 
/usr/bin/ld: cannot find -lpthreads
collect2: error: ld returned 1 exit status
make[1]: *** [CMakeFiles/cmTC_34433.dir/build.make:106: cmTC_34433] Error 1
make[1]: Leaving directory '/home/yanis/Bureau/Projets/thread-vs-fork-in-cpp---Matrices/CMakeFiles/CMakeTmp'
make: *** [Makefile:140: cmTC_34433/fast] Error 2



Performing C SOURCE FILE Test CMAKE_HAVE_LIBC_PTHREAD failed with the following output:
Change Dir: /mnt/c/Users/manso/Desktop/Personnel/Projets/matrixcpp/CMakeFiles/CMakeTmp

Run Build Command(s):/usr/bin/make cmTC_185a0/fast && /usr/bin/make -f CMakeFiles/cmTC_185a0.dir/build.make CMakeFiles/cmTC_185a0.dir/build
make[1]: Entering directory '/mnt/c/Users/manso/Desktop/Personnel/Projets/matrixcpp/CMakeFiles/CMakeTmp'
Building C object CMakeFiles/cmTC_185a0.dir/src.c.o
/usr/bin/cc   -DCMAKE_HAVE_LIBC_PTHREAD   -o CMakeFiles/cmTC_185a0.dir/src.c.o   -c /mnt/c/Users/manso/Desktop/Personnel/Projets/matrixcpp/CMakeFiles/CMakeTmp/src.c
Linking C executable cmTC_185a0
/usr/bin/cmake -E cmake_link_script CMakeFiles/cmTC_185a0.dir/link.txt --verbose=1
/usr/bin/cc  -DCMAKE_HAVE_LIBC_PTHREAD    -rdynamic CMakeFiles/cmTC_185a0.dir/src.c.o  -o cmTC_185a0 
/usr/bin/ld: CMakeFiles/cmTC_185a0.dir/src.c.o: in function `main':
src.c:(.text+0x46): undefined reference to `pthread_create'
/usr/bin/ld: src.c:(.text+0x52): undefined reference to `pthread_detach'
/usr/bin/ld: src.c:(.text+0x63): undefined reference to `pthread_join'
collect2: error: ld returned 1 exit status
make[1]: *** [CMakeFiles/cmTC_185a0.dir/build.make:87: cmTC_185a0] Error 1
make[1]: Leaving directory '/mnt/c/Users/manso/Desktop/Personnel/Projets/matrixcpp/CMakeFiles/CMakeTmp'
make: *** [Makefile:121: cmTC_185a0/fast] Error 2


Source file was:
#include <pthread.h>

void* test_func(void* data)
{
  return data;
}

int main(void)
{
  pthread_t thread;
  pthread_create(&thread, NULL, test_func, NULL);
  pthread_detach(thread);
  pthread_join(thread, NULL);
  pthread_atfork(NULL, NULL, NULL);
  pthread_exit(NULL);

  return 0;
}

Determining if the function pthread_create exists in the pthreads failed with the following output:
Change Dir: /mnt/c/Users/manso/Desktop/Personnel/Projets/matrixcpp/CMakeFiles/CMakeTmp

Run Build Command(s):/usr/bin/make cmTC_97984/fast && /usr/bin/make -f CMakeFiles/cmTC_97984.dir/build.make CMakeFiles/cmTC_97984.dir/build
make[1]: Entering directory '/mnt/c/Users/manso/Desktop/Personnel/Projets/matrixcpp/CMakeFiles/CMakeTmp'
Building C object CMakeFiles/cmTC_97984.dir/CheckFunctionExists.c.o
/usr/bin/cc   -DCHECK_FUNCTION_EXISTS=pthread_create   -o CMakeFiles/cmTC_97984.dir/CheckFunctionExists.c.o   -c /usr/share/cmake-3.16/Modules/CheckFunctionExists.c
Linking C executable cmTC_97984
/usr/bin/cmake -E cmake_link_script CMakeFiles/cmTC_97984.dir/link.txt --verbose=1
/usr/bin/cc  -DCHECK_FUNCTION_EXISTS=pthread_create    -rdynamic CMakeFiles/cmTC_97984.dir/CheckFunctionExists.c.o  -o cmTC_97984  -lpthreads 
/usr/bin/ld: cannot find -lpthreads
collect2: error: ld returned 1 exit status
make[1]: *** [CMakeFiles/cmTC_97984.dir/build.make:87: cmTC_97984] Error 1
make[1]: Leaving directory '/mnt/c/Users/manso/Desktop/Personnel/Projets/matrixcpp/CMakeFiles/CMakeTmp'
make: *** [Makefile:121: cmTC_97984/fast] Error 2



